0 info it worked if it ends with ok
1 verbose cli [ 'C:\\nodejs\\\\node.exe',
1 verbose cli   'C:\\nodejs\\node_modules\\npm\\bin\\npm-cli.js',
1 verbose cli   'install' ]
2 info using npm@1.4.28
3 info using node@v0.10.33
4 verbose node symlink C:\nodejs\\node.exe
5 verbose readDependencies using package.json deps
6 verbose install where, deps [ 'D:\\wamp\\www\\wogap',
6 verbose install   [ 'grunt',
6 verbose install     'grunt-contrib-concat',
6 verbose install     'grunt-ember-templates',
6 verbose install     'grunt-grunt',
6 verbose install     'grunt-contrib-watch' ] ]
7 info preinstall WOG@4.5.1
8 verbose readDependencies using package.json deps
9 verbose already installed skipping grunt@~0.4.0 D:\wamp\www\wogap
10 verbose already installed skipping grunt-contrib-concat@~0.1.1 D:\wamp\www\wogap
11 verbose already installed skipping grunt-ember-templates@>=0.5.0 D:\wamp\www\wogap
12 verbose cache add [ 'grunt-grunt@~5.0.0', null ]
13 verbose cache add name=undefined spec="grunt-grunt@~5.0.0" args=["grunt-grunt@~5.0.0",null]
14 verbose parsed url { protocol: null,
14 verbose parsed url   slashes: null,
14 verbose parsed url   auth: null,
14 verbose parsed url   host: null,
14 verbose parsed url   port: null,
14 verbose parsed url   hostname: null,
14 verbose parsed url   hash: null,
14 verbose parsed url   search: null,
14 verbose parsed url   query: null,
14 verbose parsed url   pathname: 'grunt-grunt@~5.0.0',
14 verbose parsed url   path: 'grunt-grunt@~5.0.0',
14 verbose parsed url   href: 'grunt-grunt@~5.0.0' }
15 verbose already installed skipping grunt-contrib-watch@~0.6.1 D:\wamp\www\wogap
16 verbose cache add name="grunt-grunt" spec="~5.0.0" args=["grunt-grunt","~5.0.0"]
17 verbose parsed url { protocol: null,
17 verbose parsed url   slashes: null,
17 verbose parsed url   auth: null,
17 verbose parsed url   host: null,
17 verbose parsed url   port: null,
17 verbose parsed url   hostname: null,
17 verbose parsed url   hash: null,
17 verbose parsed url   search: null,
17 verbose parsed url   query: null,
17 verbose parsed url   pathname: '~5.0.0',
17 verbose parsed url   path: '~5.0.0',
17 verbose parsed url   href: '~5.0.0' }
18 verbose addNamed [ 'grunt-grunt', '~5.0.0' ]
19 verbose addNamed [ null, '>=5.0.0-0 <5.1.0-0' ]
20 silly lockFile fbaf68e0-grunt-grunt-5-0-0 grunt-grunt@~5.0.0
21 verbose lock grunt-grunt@~5.0.0 C:\Users\User\AppData\Roaming\npm-cache\fbaf68e0-grunt-grunt-5-0-0.lock
22 silly addNameRange { name: 'grunt-grunt',
22 silly addNameRange   range: '>=5.0.0-0 <5.1.0-0',
22 silly addNameRange   hasData: false }
23 verbose request where is /grunt-grunt
24 verbose request registry https://registry.npmjs.org/
25 verbose request id 4ce37707cd2d471b
26 verbose url raw /grunt-grunt
27 verbose url resolving [ 'https://registry.npmjs.org/', './grunt-grunt' ]
28 verbose url resolved https://registry.npmjs.org/grunt-grunt
29 verbose request where is https://registry.npmjs.org/grunt-grunt
30 info trying registry request attempt 1 at 17:23:33
31 verbose etag "6IOFHQ2J5AF4RYAM6NYOFV80E"
32 http GET https://registry.npmjs.org/grunt-grunt
33 http 304 https://registry.npmjs.org/grunt-grunt
34 silly registry.get cb [ 304,
34 silly registry.get   { date: 'Sat, 22 Aug 2015 09:23:32 GMT',
34 silly registry.get     via: '1.1 varnish',
34 silly registry.get     'cache-control': 'max-age=60',
34 silly registry.get     etag: '"6IOFHQ2J5AF4RYAM6NYOFV80E"',
34 silly registry.get     age: '30',
34 silly registry.get     connection: 'keep-alive',
34 silly registry.get     'x-served-by': 'cache-nrt6126-NRT',
34 silly registry.get     'x-cache': 'HIT',
34 silly registry.get     'x-cache-hits': '1',
34 silly registry.get     'x-timer': 'S1440235412.731593,VS0,VE0',
34 silly registry.get     vary: 'Accept' } ]
35 verbose etag https://registry.npmjs.org/grunt-grunt from cache
36 silly addNameRange number 2 { name: 'grunt-grunt',
36 silly addNameRange   range: '>=5.0.0-0 <5.1.0-0',
36 silly addNameRange   hasData: true }
37 silly addNameRange versions [ 'grunt-grunt',
37 silly addNameRange   [ '0.1.0', '0.2.0', '0.2.1', '0.2.2', '0.2.3', '0.2.4' ] ]
38 silly lockFile fbaf68e0-grunt-grunt-5-0-0 grunt-grunt@~5.0.0
39 silly lockFile fbaf68e0-grunt-grunt-5-0-0 grunt-grunt@~5.0.0
40 error notarget No compatible version found: grunt-grunt@'>=5.0.0-0 <5.1.0-0'
40 error notarget Valid install targets:
40 error notarget ["0.1.0","0.2.0","0.2.1","0.2.2","0.2.3","0.2.4"]
40 error notarget
40 error notarget This is most likely not a problem with npm itself.
40 error notarget In most cases you or one of your dependencies are requesting
40 error notarget a package version that doesn't exist.
41 error System Windows_NT 6.1.7601
42 error command "C:\\nodejs\\\\node.exe" "C:\\nodejs\\node_modules\\npm\\bin\\npm-cli.js" "install"
43 error cwd D:\wamp\www\wogap
44 error node -v v0.10.33
45 error npm -v 1.4.28
46 error code ETARGET
47 verbose exit [ 1, true ]
